<?xml version="1.0" encoding="UTF-8"?>
<coverage generated="1596247544556" clover="3.2.0">
  <project timestamp="1596247544556" name="All files">
    <metrics statements="31" coveredstatements="31" conditionals="8" coveredconditionals="8" methods="2" coveredmethods="2" elements="41" coveredelements="41" complexity="0" loc="31" ncloc="31" packages="1" files="1" classes="1"/>
    <file name="cipher.js" path="C:\Users\Mayra Alezandra\Documents\Laboratoria\LIM013-cipher\src\cipher.js">
      <metrics statements="31" coveredstatements="31" conditionals="8" coveredconditionals="8" methods="2" coveredmethods="2"/>
      <line num="1" count="1" type="stmt"/>
      <line num="3" count="11" type="stmt"/>
      <line num="4" count="11" type="stmt"/>
      <line num="5" count="3" type="stmt"/>
      <line num="6" count="3" type="stmt"/>
      <line num="7" count="3" type="stmt"/>
      <line num="8" count="57" type="stmt"/>
      <line num="9" count="57" type="cond" truecount="2" falsecount="0"/>
      <line num="10" count="54" type="stmt"/>
      <line num="11" count="54" type="stmt"/>
      <line num="12" count="54" type="cond" truecount="2" falsecount="0"/>
      <line num="13" count="27" type="stmt"/>
      <line num="14" count="27" type="stmt"/>
      <line num="16" count="27" type="stmt"/>
      <line num="19" count="3" type="stmt"/>
      <line num="21" count="3" type="stmt"/>
      <line num="25" count="3" type="stmt"/>
      <line num="26" count="3" type="stmt"/>
      <line num="27" count="3" type="stmt"/>
      <line num="28" count="3" type="stmt"/>
      <line num="29" count="3" type="stmt"/>
      <line num="30" count="57" type="stmt"/>
      <line num="31" count="57" type="cond" truecount="2" falsecount="0"/>
      <line num="32" count="54" type="stmt"/>
      <line num="33" count="54" type="stmt"/>
      <line num="34" count="54" type="cond" truecount="2" falsecount="0"/>
      <line num="35" count="27" type="stmt"/>
      <line num="36" count="27" type="stmt"/>
      <line num="38" count="27" type="stmt"/>
      <line num="41" count="3" type="stmt"/>
      <line num="43" count="3" type="stmt"/>
    </file>
  </project>
</coverage>
