{"C:\\Users\\Mayra Alezandra\\Documents\\Laboratoria\\LIM013-cipher\\src\\cipher.js": {"path":"C:\\Users\\Mayra Alezandra\\Documents\\Laboratoria\\LIM013-cipher\\src\\cipher.js","statementMap":{"0":{"start":{"line":1,"column":15},"end":{"line":45,"column":1}},"1":{"start":{"line":3,"column":4},"end":{"line":3,"column":37}},"2":{"start":{"line":4,"column":26},"end":{"line":4,"column":46}},"3":{"start":{"line":5,"column":19},"end":{"line":5,"column":48}},"4":{"start":{"line":6,"column":20},"end":{"line":6,"column":22}},"5":{"start":{"line":7,"column":4},"end":{"line":20,"column":5}},"6":{"start":{"line":7,"column":17},"end":{"line":7,"column":18}},"7":{"start":{"line":8,"column":26},"end":{"line":8,"column":44}},"8":{"start":{"line":9,"column":6},"end":{"line":19,"column":35}},"9":{"start":{"line":10,"column":27},"end":{"line":10,"column":58}},"10":{"start":{"line":11,"column":23},"end":{"line":11,"column":51}},"11":{"start":{"line":12,"column":8},"end":{"line":15,"column":9}},"12":{"start":{"line":13,"column":12},"end":{"line":13,"column":58}},"13":{"start":{"line":14,"column":12},"end":{"line":14,"column":21}},"14":{"start":{"line":16,"column":8},"end":{"line":16,"column":40}},"15":{"start":{"line":19,"column":8},"end":{"line":19,"column":35}},"16":{"start":{"line":21,"column":2},"end":{"line":21,"column":19}},"17":{"start":{"line":25,"column":4},"end":{"line":25,"column":37}},"18":{"start":{"line":26,"column":26},"end":{"line":26,"column":46}},"19":{"start":{"line":27,"column":19},"end":{"line":27,"column":48}},"20":{"start":{"line":28,"column":20},"end":{"line":28,"column":22}},"21":{"start":{"line":29,"column":4},"end":{"line":42,"column":5}},"22":{"start":{"line":29,"column":17},"end":{"line":29,"column":18}},"23":{"start":{"line":30,"column":26},"end":{"line":30,"column":44}},"24":{"start":{"line":31,"column":6},"end":{"line":41,"column":35}},"25":{"start":{"line":32,"column":27},"end":{"line":32,"column":58}},"26":{"start":{"line":33,"column":23},"end":{"line":33,"column":51}},"27":{"start":{"line":34,"column":8},"end":{"line":37,"column":9}},"28":{"start":{"line":35,"column":12},"end":{"line":35,"column":58}},"29":{"start":{"line":36,"column":12},"end":{"line":36,"column":21}},"30":{"start":{"line":38,"column":8},"end":{"line":38,"column":40}},"31":{"start":{"line":41,"column":8},"end":{"line":41,"column":35}},"32":{"start":{"line":43,"column":2},"end":{"line":43,"column":19}}},"fnMap":{"0":{"name":"(anonymous_0)","decl":{"start":{"line":2,"column":10},"end":{"line":2,"column":11}},"loc":{"start":{"line":2,"column":35},"end":{"line":22,"column":3}},"line":2},"1":{"name":"(anonymous_1)","decl":{"start":{"line":24,"column":10},"end":{"line":24,"column":11}},"loc":{"start":{"line":24,"column":35},"end":{"line":44,"column":3}},"line":24}},"branchMap":{"0":{"loc":{"start":{"line":9,"column":6},"end":{"line":19,"column":35}},"type":"if","locations":[{"start":{"line":9,"column":6},"end":{"line":19,"column":35}},{"start":{"line":9,"column":6},"end":{"line":19,"column":35}}],"line":9},"1":{"loc":{"start":{"line":12,"column":8},"end":{"line":15,"column":9}},"type":"if","locations":[{"start":{"line":12,"column":8},"end":{"line":15,"column":9}},{"start":{"line":12,"column":8},"end":{"line":15,"column":9}}],"line":12},"2":{"loc":{"start":{"line":31,"column":6},"end":{"line":41,"column":35}},"type":"if","locations":[{"start":{"line":31,"column":6},"end":{"line":41,"column":35}},{"start":{"line":31,"column":6},"end":{"line":41,"column":35}}],"line":31},"3":{"loc":{"start":{"line":34,"column":8},"end":{"line":37,"column":9}},"type":"if","locations":[{"start":{"line":34,"column":8},"end":{"line":37,"column":9}},{"start":{"line":34,"column":8},"end":{"line":37,"column":9}}],"line":34}},"s":{"0":1,"1":11,"2":11,"3":3,"4":3,"5":3,"6":3,"7":57,"8":57,"9":54,"10":54,"11":54,"12":27,"13":27,"14":27,"15":3,"16":3,"17":3,"18":3,"19":3,"20":3,"21":3,"22":3,"23":57,"24":57,"25":54,"26":54,"27":54,"28":27,"29":27,"30":27,"31":3,"32":3},"f":{"0":11,"1":3},"b":{"0":[54,3],"1":[27,27],"2":[54,3],"3":[27,27]},"_coverageSchema":"43e27e138ebf9cfc5966b082cf9a028302ed4184","hash":"904b8e17ffdf0eb64dbd3a95e315655b04fcbdbb"}
}
