TN:
SF:C:\Users\Mayra Alezandra\Documents\Laboratoria\LIM013-cipher\src\cipher.js
FN:2,(anonymous_0)
FN:24,(anonymous_1)
FNF:2
FNH:2
FNDA:11,(anonymous_0)
FNDA:3,(anonymous_1)
DA:1,1
DA:3,11
DA:4,11
DA:5,3
DA:6,3
DA:7,3
DA:8,57
DA:9,57
DA:10,54
DA:11,54
DA:12,54
DA:13,27
DA:14,27
DA:16,27
DA:19,3
DA:21,3
DA:25,3
DA:26,3
DA:27,3
DA:28,3
DA:29,3
DA:30,57
DA:31,57
DA:32,54
DA:33,54
DA:34,54
DA:35,27
DA:36,27
DA:38,27
DA:41,3
DA:43,3
LF:31
LH:31
BRDA:9,0,0,54
BRDA:9,0,1,3
BRDA:12,1,0,27
BRDA:12,1,1,27
BRDA:31,2,0,54
BRDA:31,2,1,3
BRDA:34,3,0,27
BRDA:34,3,1,27
BRF:8
BRH:8
end_of_record
